# JRE version: Java(TM) SE Runtime Environment (17.0.8+9) (build 17.0.8+9-LTS-211)
# Java VM: Java HotSpot(TM) 64-Bit Server VM (17.0.8+9-LTS-211, mixed mode, sharing, tiered, compressed oops, compressed class ptrs, g1 gc, windows-amd64)
GC Precious Log:
 CPUs: 4 total, 4 available
 Memory: 3892M
 Large Page Support: Disabled
 NUMA Support: Disabled
 Compressed Oops: Enabled (32-bit)
 Heap Region Size: 1M
 Heap Min Capacity: 8M
 Heap Initial Capacity: 62M
 Heap Max Capacity: 974M
 Pre-touch: Disabled
 Parallel Workers: 4
 Concurrent Workers: 1
 Concurrent Refinement Workers: 4
 Periodic GC: Disabled
Heap:
 garbage-first heap   total 45056K, used 30052K [0x00000000c3200000, 0x0000000100000000)
  region size 1024K, 13 young (13312K), 2 survivors (2048K)
 Metaspace       used 27012K, committed 27264K, reserved 1114112K
  class space    used 3095K, committed 3200K, reserved 1048576K
GC Heap History (20 events):
Event: 12.269 GC heap before
{Heap before GC invocations=7 (full 0):
 garbage-first heap   total 45056K, used 28231K [0x00000000c3200000, 0x0000000100000000)
  region size 1024K, 20 young (20480K), 4 survivors (4096K)
 Metaspace       used 23012K, committed 23168K, reserved 1114112K
  class space    used 2732K, committed 2816K, reserved 1048576K
}
Event: 12.279 GC heap after
{Heap after GC invocations=8 (full 0):
 garbage-first heap   total 45056K, used 13804K [0x00000000c3200000, 0x0000000100000000)
  region size 1024K, 1 young (1024K), 1 survivors (1024K)
 Metaspace       used 23012K, committed 23168K, reserved 1114112K
  class space    used 2732K, committed 2816K, reserved 1048576K
}
Event: 15.680 GC heap before
{Heap before GC invocations=8 (full 0):
 garbage-first heap   total 45056K, used 29164K [0x00000000c3200000, 0x0000000100000000)
  region size 1024K, 17 young (17408K), 1 survivors (1024K)
 Metaspace       used 23429K, committed 23680K, reserved 1114112K
  class space    used 2747K, committed 2880K, reserved 1048576K
}
Event: 15.685 GC heap after
{Heap after GC invocations=9 (full 0):
 garbage-first heap   total 45056K, used 14307K [0x00000000c3200000, 0x0000000100000000)
  region size 1024K, 2 young (2048K), 2 survivors (2048K)
 Metaspace       used 23429K, committed 23680K, reserved 1114112K
  class space    used 2747K, committed 2880K, reserved 1048576K
}
Event: 17.571 GC heap before
{Heap before GC invocations=9 (full 0):
 garbage-first heap   total 45056K, used 30691K [0x00000000c3200000, 0x0000000100000000)
  region size 1024K, 18 young (18432K), 2 survivors (2048K)
 Metaspace       used 24089K, committed 24384K, reserved 1114112K
  class space    used 2815K, committed 2944K, reserved 1048576K
}
Event: 17.577 GC heap after
{Heap after GC invocations=10 (full 0):
 garbage-first heap   total 45056K, used 14959K [0x00000000c3200000, 0x0000000100000000)
  region size 1024K, 3 young (3072K), 3 survivors (3072K)
 Metaspace       used 24089K, committed 24384K, reserved 1114112K
  class space    used 2815K, committed 2944K, reserved 1048576K
}
Event: 20.201 GC heap before
{Heap before GC invocations=10 (full 0):
 garbage-first heap   total 45056K, used 31343K [0x00000000c3200000, 0x0000000100000000)
  region size 1024K, 19 young (19456K), 3 survivors (3072K)
 Metaspace       used 24248K, committed 24576K, reserved 1114112K
  class space    used 2815K, committed 2944K, reserved 1048576K
}
Event: 20.209 GC heap after
{Heap after GC invocations=11 (full 0):
 garbage-first heap   total 45056K, used 15368K [0x00000000c3200000, 0x0000000100000000)
  region size 1024K, 2 young (2048K), 2 survivors (2048K)
 Metaspace       used 24248K, committed 24576K, reserved 1114112K
  class space    used 2815K, committed 2944K, reserved 1048576K
}
Event: 23.574 GC heap before
{Heap before GC invocations=11 (full 0):
 garbage-first heap   total 45056K, used 33800K [0x00000000c3200000, 0x0000000100000000)
  region size 1024K, 20 young (20480K), 2 survivors (2048K)
 Metaspace       used 24442K, committed 24704K, reserved 1114112K
  class space    used 2817K, committed 2944K, reserved 1048576K
}
Event: 23.579 GC heap after
{Heap after GC invocations=12 (full 0):
 garbage-first heap   total 45056K, used 16084K [0x00000000c3200000, 0x0000000100000000)
  region size 1024K, 2 young (2048K), 2 survivors (2048K)
 Metaspace       used 24442K, committed 24704K, reserved 1114112K
  class space    used 2817K, committed 2944K, reserved 1048576K
}
Event: 27.048 GC heap before
{Heap before GC invocations=12 (full 0):
 garbage-first heap   total 45056K, used 32468K [0x00000000c3200000, 0x0000000100000000)
  region size 1024K, 19 young (19456K), 2 survivors (2048K)
 Metaspace       used 24599K, committed 24896K, reserved 1114112K
  class space    used 2818K, committed 2944K, reserved 1048576K
}
Event: 27.053 GC heap after
{Heap after GC invocations=13 (full 0):
 garbage-first heap   total 45056K, used 16610K [0x00000000c3200000, 0x0000000100000000)
  region size 1024K, 2 young (2048K), 2 survivors (2048K)
 Metaspace       used 24599K, committed 24896K, reserved 1114112K
  class space    used 2818K, committed 2944K, reserved 1048576K
}
Event: 29.673 GC heap before
{Heap before GC invocations=13 (full 0):
 garbage-first heap   total 45056K, used 34018K [0x00000000c3200000, 0x0000000100000000)
  region size 1024K, 19 young (19456K), 2 survivors (2048K)
 Metaspace       used 24716K, committed 24960K, reserved 1114112K
  class space    used 2818K, committed 2944K, reserved 1048576K
}
Event: 29.677 GC heap after
{Heap after GC invocations=14 (full 0):
 garbage-first heap   total 45056K, used 17058K [0x00000000c3200000, 0x0000000100000000)
  region size 1024K, 3 young (3072K), 3 survivors (3072K)
 Metaspace       used 24716K, committed 24960K, reserved 1114112K
  class space    used 2818K, committed 2944K, reserved 1048576K
}
Event: 30.650 GC heap before
{Heap before GC invocations=14 (full 0):
 garbage-first heap   total 45056K, used 33442K [0x00000000c3200000, 0x0000000100000000)
  region size 1024K, 20 young (20480K), 3 survivors (3072K)
 Metaspace       used 25660K, committed 25920K, reserved 1114112K
  class space    used 2967K, committed 3072K, reserved 1048576K
}
Event: 30.657 GC heap after
{Heap after GC invocations=15 (full 0):
 garbage-first heap   total 45056K, used 17878K [0x00000000c3200000, 0x0000000100000000)
  region size 1024K, 3 young (3072K), 3 survivors (3072K)
 Metaspace       used 25660K, committed 25920K, reserved 1114112K
  class space    used 2967K, committed 3072K, reserved 1048576K
}
Event: 33.350 GC heap before
{Heap before GC invocations=15 (full 0):
 garbage-first heap   total 45056K, used 35286K [0x00000000c3200000, 0x0000000100000000)
  region size 1024K, 20 young (20480K), 3 survivors (3072K)
 Metaspace       used 26741K, committed 27072K, reserved 1114112K
  class space    used 3078K, committed 3200K, reserved 1048576K
}
Event: 33.361 GC heap after
{Heap after GC invocations=16 (full 0):
 garbage-first heap   total 45056K, used 18929K [0x00000000c3200000, 0x0000000100000000)
  region size 1024K, 3 young (3072K), 3 survivors (3072K)
 Metaspace       used 26741K, committed 27072K, reserved 1114112K
  class space    used 3078K, committed 3200K, reserved 1048576K
}
Event: 33.920 GC heap before
{Heap before GC invocations=16 (full 0):
 garbage-first heap   total 45056K, used 35313K [0x00000000c3200000, 0x0000000100000000)
  region size 1024K, 19 young (19456K), 3 survivors (3072K)
 Metaspace       used 26969K, committed 27264K, reserved 1114112K
  class space    used 3095K, committed 3200K, reserved 1048576K
}
Event: 33.929 GC heap after
{Heap after GC invocations=17 (full 0):
 garbage-first heap   total 45056K, used 19812K [0x00000000c3200000, 0x0000000100000000)
  region size 1024K, 2 young (2048K), 2 survivors (2048K)
 Metaspace       used 26969K, committed 27264K, reserved 1114112K
  class space    used 3095K, committed 3200K, reserved 1048576K
}

